<?xml version="1.0" encoding="UTF-8"?>
<!-- Generated by org.testng.reporters.JUnitXMLReporter -->
<testsuite ignored="0" hostname="QT-INBG-LT0376" failures="0" tests="21" name="Test" time="23.747" errors="0" timestamp="2022-09-19T10:45:06 IST">
  <testcase classname="LogIn" name="launchBrowser" time="5.398"/>
  <testcase classname="LogIn" name="enterUserName" time="0.087"/>
  <testcase classname="LogIn" name="enterPassword" time="3.08"/>
  <testcase classname="LogIn" name="clickOnLogin" time="0.123"/>
  <testcase classname="LogUp" name="launchBrowser" time="2.477"/>
  <testcase classname="LogUp" name="clickOnSignUp" time="0.432"/>
  <testcase classname="LogUp" name="enterFirstName" time="0.085"/>
  <testcase classname="LogUp" name="enterLastName" time="0.072"/>
  <testcase classname="LogUp" name="enterMail" time="0.084"/>
  <testcase classname="LogUp" name="enterPassword" time="0.079"/>
  <testcase classname="LogUp" name="enterDOB" time="0.066"/>
  <testcase classname="LogUp" name="selectGender" time="0.056"/>
  <testcase classname="LogUp" name="enterPhoneNumber" time="0.062"/>
  <testcase classname="LogUp" name="clickOnRegister" time="1.132"/>
  <testcase classname="CnctUs" name="launchBrowser" time="2.55"/>
  <testcase classname="CnctUs" name="clickContactUs" time="2.418"/>
  <testcase classname="CnctUs" name="enterName" time="0.07"/>
  <testcase classname="CnctUs" name="enterMail" time="0.092"/>
  <testcase classname="CnctUs" name="enterPhoneNumber" time="0.069"/>
  <testcase classname="CnctUs" name="enterMessage" time="5.09"/>
  <testcase classname="CnctUs" name="clickOnSend" time="0.149"/>
</testsuite> <!-- Test -->
