<?xml version="1.0" encoding="UTF-8"?>
<!-- Generated by org.testng.reporters.JUnitXMLReporter -->
<testsuite ignored="0" hostname="QT-INBG-LT0376" failures="0" tests="7" name="Default test" time="11.855" errors="0" timestamp="2022-09-19T10:18:03 IST">
  <testcase classname="CnctUs" name="launchBrowser" time="4.057"/>
  <testcase classname="CnctUs" name="clickContactUs" time="2.334"/>
  <testcase classname="CnctUs" name="enterName" time="0.063"/>
  <testcase classname="CnctUs" name="enterMail" time="0.077"/>
  <testcase classname="CnctUs" name="enterPhoneNumber" time="0.062"/>
  <testcase classname="CnctUs" name="enterMessage" time="5.081"/>
  <testcase classname="CnctUs" name="clickOnSend" time="0.133"/>
</testsuite> <!-- Default test -->
