<?xml version="1.0" encoding="UTF-8"?>
<testng-results ignored="0" total="21" passed="21" failed="0" skipped="0">
  <reporter-output>
  </reporter-output>
  <suite started-at="2022-09-19T10:44:42 IST" name="Suite" finished-at="2022-09-19T10:45:06 IST" duration-ms="23747">
    <groups>
    </groups>
    <test started-at="2022-09-19T10:44:42 IST" name="Test" finished-at="2022-09-19T10:45:06 IST" duration-ms="23747">
      <class name="CnctUs">
        <test-method signature="launchBrowser()[pri:1, instance:CnctUs@22ef9844]" started-at="2022-09-19T10:44:55 IST" name="launchBrowser" finished-at="2022-09-19T10:44:58 IST" duration-ms="2550" status="PASS">
          <reporter-output>
          </reporter-output>
        </test-method> <!-- launchBrowser -->
        <test-method signature="clickContactUs()[pri:2, instance:CnctUs@22ef9844]" started-at="2022-09-19T10:44:58 IST" name="clickContactUs" finished-at="2022-09-19T10:45:00 IST" duration-ms="2418" status="PASS">
          <reporter-output>
          </reporter-output>
        </test-method> <!-- clickContactUs -->
        <test-method signature="enterName()[pri:2, instance:CnctUs@22ef9844]" started-at="2022-09-19T10:45:00 IST" name="enterName" finished-at="2022-09-19T10:45:00 IST" duration-ms="70" status="PASS">
          <reporter-output>
          </reporter-output>
        </test-method> <!-- enterName -->
        <test-method signature="enterMail()[pri:3, instance:CnctUs@22ef9844]" started-at="2022-09-19T10:45:00 IST" name="enterMail" finished-at="2022-09-19T10:45:00 IST" duration-ms="92" status="PASS">
          <reporter-output>
          </reporter-output>
        </test-method> <!-- enterMail -->
        <test-method signature="enterPhoneNumber()[pri:4, instance:CnctUs@22ef9844]" started-at="2022-09-19T10:45:00 IST" name="enterPhoneNumber" finished-at="2022-09-19T10:45:00 IST" duration-ms="69" status="PASS">
          <reporter-output>
          </reporter-output>
        </test-method> <!-- enterPhoneNumber -->
        <test-method signature="enterMessage()[pri:5, instance:CnctUs@22ef9844]" started-at="2022-09-19T10:45:00 IST" name="enterMessage" finished-at="2022-09-19T10:45:05 IST" duration-ms="5090" status="PASS">
          <reporter-output>
          </reporter-output>
        </test-method> <!-- enterMessage -->
        <test-method signature="clickOnSend()[pri:6, instance:CnctUs@22ef9844]" started-at="2022-09-19T10:45:05 IST" name="clickOnSend" finished-at="2022-09-19T10:45:06 IST" duration-ms="149" status="PASS">
          <reporter-output>
          </reporter-output>
        </test-method> <!-- clickOnSend -->
      </class> <!-- CnctUs -->
      <class name="LogIn">
        <test-method signature="launchBrowser()[pri:1, instance:LogIn@fba92d3]" started-at="2022-09-19T10:44:42 IST" name="launchBrowser" finished-at="2022-09-19T10:44:47 IST" duration-ms="5398" status="PASS">
          <reporter-output>
          </reporter-output>
        </test-method> <!-- launchBrowser -->
        <test-method signature="enterUserName()[pri:2, instance:LogIn@fba92d3]" started-at="2022-09-19T10:44:47 IST" name="enterUserName" finished-at="2022-09-19T10:44:47 IST" duration-ms="87" status="PASS">
          <reporter-output>
          </reporter-output>
        </test-method> <!-- enterUserName -->
        <test-method signature="enterPassword()[pri:3, instance:LogIn@fba92d3]" started-at="2022-09-19T10:44:47 IST" name="enterPassword" finished-at="2022-09-19T10:44:50 IST" duration-ms="3080" status="PASS">
          <reporter-output>
          </reporter-output>
        </test-method> <!-- enterPassword -->
        <test-method signature="clickOnLogin()[pri:4, instance:LogIn@fba92d3]" started-at="2022-09-19T10:44:50 IST" name="clickOnLogin" finished-at="2022-09-19T10:44:50 IST" duration-ms="123" status="PASS">
          <reporter-output>
          </reporter-output>
        </test-method> <!-- clickOnLogin -->
      </class> <!-- LogIn -->
      <class name="LogUp">
        <test-method signature="launchBrowser()[pri:1, instance:LogUp@47987356]" started-at="2022-09-19T10:44:51 IST" name="launchBrowser" finished-at="2022-09-19T10:44:53 IST" duration-ms="2477" status="PASS">
          <reporter-output>
          </reporter-output>
        </test-method> <!-- launchBrowser -->
        <test-method signature="clickOnSignUp()[pri:2, instance:LogUp@47987356]" started-at="2022-09-19T10:44:53 IST" name="clickOnSignUp" finished-at="2022-09-19T10:44:53 IST" duration-ms="432" status="PASS">
          <reporter-output>
          </reporter-output>
        </test-method> <!-- clickOnSignUp -->
        <test-method signature="enterFirstName()[pri:3, instance:LogUp@47987356]" started-at="2022-09-19T10:44:53 IST" name="enterFirstName" finished-at="2022-09-19T10:44:53 IST" duration-ms="85" status="PASS">
          <reporter-output>
          </reporter-output>
        </test-method> <!-- enterFirstName -->
        <test-method signature="enterLastName()[pri:4, instance:LogUp@47987356]" started-at="2022-09-19T10:44:54 IST" name="enterLastName" finished-at="2022-09-19T10:44:54 IST" duration-ms="72" status="PASS">
          <reporter-output>
          </reporter-output>
        </test-method> <!-- enterLastName -->
        <test-method signature="enterMail()[pri:5, instance:LogUp@47987356]" started-at="2022-09-19T10:44:54 IST" name="enterMail" finished-at="2022-09-19T10:44:54 IST" duration-ms="84" status="PASS">
          <reporter-output>
          </reporter-output>
        </test-method> <!-- enterMail -->
        <test-method signature="enterPassword()[pri:6, instance:LogUp@47987356]" started-at="2022-09-19T10:44:54 IST" name="enterPassword" finished-at="2022-09-19T10:44:54 IST" duration-ms="79" status="PASS">
          <reporter-output>
          </reporter-output>
        </test-method> <!-- enterPassword -->
        <test-method signature="enterDOB()[pri:7, instance:LogUp@47987356]" started-at="2022-09-19T10:44:54 IST" name="enterDOB" finished-at="2022-09-19T10:44:54 IST" duration-ms="66" status="PASS">
          <reporter-output>
          </reporter-output>
        </test-method> <!-- enterDOB -->
        <test-method signature="selectGender()[pri:8, instance:LogUp@47987356]" started-at="2022-09-19T10:44:54 IST" name="selectGender" finished-at="2022-09-19T10:44:54 IST" duration-ms="56" status="PASS">
          <reporter-output>
          </reporter-output>
        </test-method> <!-- selectGender -->
        <test-method signature="enterPhoneNumber()[pri:9, instance:LogUp@47987356]" started-at="2022-09-19T10:44:54 IST" name="enterPhoneNumber" finished-at="2022-09-19T10:44:54 IST" duration-ms="62" status="PASS">
          <reporter-output>
          </reporter-output>
        </test-method> <!-- enterPhoneNumber -->
        <test-method signature="clickOnRegister()[pri:10, instance:LogUp@47987356]" started-at="2022-09-19T10:44:54 IST" name="clickOnRegister" finished-at="2022-09-19T10:44:55 IST" duration-ms="1132" status="PASS">
          <reporter-output>
          </reporter-output>
        </test-method> <!-- clickOnRegister -->
      </class> <!-- LogUp -->
    </test> <!-- Test -->
  </suite> <!-- Suite -->
</testng-results>
